<!DOCTYPE html>
<html>
<head>
    <title>All Tests Results</title>
    <meta charset="utf-8">
    <meta name="viewport" content="width=device-width, initial-scale=1.0">
    <link rel="stylesheet" href="https://maxcdn.bootstrapcdn.com/bootstrap/3.3.6/css/bootstrap.min.css" integrity="sha384-1q8mTJOASx8j1Au+a5WDVnPi2lkFfwwEAa8hDDdjZlpLegxhjVME1fgjWPGmkzs7" crossorigin="anonymous">
</head>
<body>
    <div class="container">
        <div class="row">
            <div class="col-xs-12">
                <h2 class="text-capitalize">All Tests Results</h2>
                <p class='attribute'><strong>Start Time: </strong>2023-04-18 17:20:25</p>
                <p class='attribute'><strong>Duration: </strong>46.65 s</p>
                <p class='attribute'><strong>Summary: </strong>Total: 3, Pass: 0, Error: 3</p>
            </div>
        </div>
        <div class="row">
            <div class="col-xs-12 col-sm-10 col-md-10">
                <table class='table table-hover table-responsive'>
                    <thead>
                        <tr>
                            <th>test.testcase.test_popup.TestPopup</th>
                            <th>Status</th>
                            <th></th>
                        </tr>
                    </thead>
                    <tbody>
                        <tr class='warning'>
                            <td class="col-xs-10">test_01_ok_button_click</td>
                            <td class="col-xs-1">
                                <span class="label label-warning" style="display:block;width:40px;">Error</span>
                            </td>
                            <td class="col-xs-1">
                                <button class="btn btn-default btn-xs">View</button>
                            </td>
                        </tr>
                        <tr style="display:none;">
                            <td class="col-xs-9" colspan="3"><p style="color:maroon;">TimeoutException: Message: 
Stacktrace:
NoSuchElementError: An element could not be located on the page using the given search parameters.
    at AndroidUiautomator2Driver.findElOrEls (/Applications/Appium Server GUI.app/Contents/Resources/app/node_modules/appium/node_modules/appium-android-driver/lib/commands/find.js:75:11)
    at runMicrotasks (<anonymous>)
    at processTicksAndRejections (internal/process/task_queues.js:97:5)
    at AndroidUiautomator2Driver.findElOrElsWithProcessing (/Applications/Appium Server GUI.app/Contents/Resources/app/node_modules/appium/node_modules/appium-base-driver/lib/basedriver/commands/find.js:33:12)
    at AndroidUiautomator2Driver.findElement (/Applications/Appium Server GUI.app/Contents/Resources/app/node_modules/appium/node_modules/appium-base-driver/lib/basedriver/commands/find.js:53:10)</p><p style="color:maroon;">Traceback (most recent call last):
  File "/Users/jseom/PYTHON_Project/appium/src/test/testcase/test_popup.py", line 16, in test_01_ok_button_click
    self.page.click(self.page.btn_ok)
  File "/Users/jseom/PYTHON_Project/appium/src/page/page_base.py", line 12, in click
    def click(self, by_locator):        WebDriverWait(self.driver, 10).until(EC.visibility_of_element_located(by_locator)).click()
  File "/Users/jseom/PYTHON_Project/appium/lib/python3.10/site-packages/selenium/webdriver/support/wait.py", line 95, in until
    raise TimeoutException(message, screen, stacktrace)
selenium.common.exceptions.TimeoutException: Message: 
Stacktrace:
NoSuchElementError: An element could not be located on the page using the given search parameters.
    at AndroidUiautomator2Driver.findElOrEls (/Applications/Appium Server GUI.app/Contents/Resources/app/node_modules/appium/node_modules/appium-android-driver/lib/commands/find.js:75:11)
    at runMicrotasks (<anonymous>)
    at processTicksAndRejections (internal/process/task_queues.js:97:5)
    at AndroidUiautomator2Driver.findElOrElsWithProcessing (/Applications/Appium Server GUI.app/Contents/Resources/app/node_modules/appium/node_modules/appium-base-driver/lib/basedriver/commands/find.js:33:12)
    at AndroidUiautomator2Driver.findElement (/Applications/Appium Server GUI.app/Contents/Resources/app/node_modules/appium/node_modules/appium-base-driver/lib/basedriver/commands/find.js:53:10)
</p>
                            </td>
                        </tr>
                        <tr class='warning'>
                            <td class="col-xs-10">test_02_mkagree_button_click</td>
                            <td class="col-xs-1">
                                <span class="label label-warning" style="display:block;width:40px;">Error</span>
                            </td>
                            <td class="col-xs-1">
                                <button class="btn btn-default btn-xs">View</button>
                            </td>
                        </tr>
                        <tr style="display:none;">
                            <td class="col-xs-9" colspan="3"><p style="color:maroon;">TimeoutException: Message: 
Stacktrace:
NoSuchElementError: An element could not be located on the page using the given search parameters.
    at AndroidUiautomator2Driver.findElOrEls (/Applications/Appium Server GUI.app/Contents/Resources/app/node_modules/appium/node_modules/appium-android-driver/lib/commands/find.js:75:11)
    at runMicrotasks (<anonymous>)
    at processTicksAndRejections (internal/process/task_queues.js:97:5)
    at AndroidUiautomator2Driver.findElOrElsWithProcessing (/Applications/Appium Server GUI.app/Contents/Resources/app/node_modules/appium/node_modules/appium-base-driver/lib/basedriver/commands/find.js:33:12)
    at AndroidUiautomator2Driver.findElement (/Applications/Appium Server GUI.app/Contents/Resources/app/node_modules/appium/node_modules/appium-base-driver/lib/basedriver/commands/find.js:53:10)</p><p style="color:maroon;">Traceback (most recent call last):
  File "/Users/jseom/PYTHON_Project/appium/src/test/testcase/test_popup.py", line 22, in test_02_mkagree_button_click
    self.page.click(self.page.btn_mkagree)
  File "/Users/jseom/PYTHON_Project/appium/src/page/page_base.py", line 12, in click
    def click(self, by_locator):        WebDriverWait(self.driver, 10).until(EC.visibility_of_element_located(by_locator)).click()
  File "/Users/jseom/PYTHON_Project/appium/lib/python3.10/site-packages/selenium/webdriver/support/wait.py", line 95, in until
    raise TimeoutException(message, screen, stacktrace)
selenium.common.exceptions.TimeoutException: Message: 
Stacktrace:
NoSuchElementError: An element could not be located on the page using the given search parameters.
    at AndroidUiautomator2Driver.findElOrEls (/Applications/Appium Server GUI.app/Contents/Resources/app/node_modules/appium/node_modules/appium-android-driver/lib/commands/find.js:75:11)
    at runMicrotasks (<anonymous>)
    at processTicksAndRejections (internal/process/task_queues.js:97:5)
    at AndroidUiautomator2Driver.findElOrElsWithProcessing (/Applications/Appium Server GUI.app/Contents/Resources/app/node_modules/appium/node_modules/appium-base-driver/lib/basedriver/commands/find.js:33:12)
    at AndroidUiautomator2Driver.findElement (/Applications/Appium Server GUI.app/Contents/Resources/app/node_modules/appium/node_modules/appium-base-driver/lib/basedriver/commands/find.js:53:10)
</p>
                            </td>
                        </tr>
                        <tr class='warning'>
                            <td class="col-xs-10">test_03_popupclose_button_click</td>
                            <td class="col-xs-1">
                                <span class="label label-warning" style="display:block;width:40px;">Error</span>
                            </td>
                            <td class="col-xs-1">
                                <button class="btn btn-default btn-xs">View</button>
                            </td>
                        </tr>
                        <tr style="display:none;">
                            <td class="col-xs-9" colspan="3"><p style="color:maroon;">TimeoutException: Message: 
Stacktrace:
NoSuchElementError: An element could not be located on the page using the given search parameters.
    at AndroidUiautomator2Driver.findElOrEls (/Applications/Appium Server GUI.app/Contents/Resources/app/node_modules/appium/node_modules/appium-android-driver/lib/commands/find.js:75:11)
    at runMicrotasks (<anonymous>)
    at processTicksAndRejections (internal/process/task_queues.js:97:5)
    at AndroidUiautomator2Driver.findElOrElsWithProcessing (/Applications/Appium Server GUI.app/Contents/Resources/app/node_modules/appium/node_modules/appium-base-driver/lib/basedriver/commands/find.js:33:12)
    at AndroidUiautomator2Driver.findElement (/Applications/Appium Server GUI.app/Contents/Resources/app/node_modules/appium/node_modules/appium-base-driver/lib/basedriver/commands/find.js:53:10)</p><p style="color:maroon;">Traceback (most recent call last):
  File "/Users/jseom/PYTHON_Project/appium/src/test/testcase/test_popup.py", line 27, in test_03_popupclose_button_click
    self.page.click(self.page.btn_close)
  File "/Users/jseom/PYTHON_Project/appium/src/page/page_base.py", line 12, in click
    def click(self, by_locator):        WebDriverWait(self.driver, 10).until(EC.visibility_of_element_located(by_locator)).click()
  File "/Users/jseom/PYTHON_Project/appium/lib/python3.10/site-packages/selenium/webdriver/support/wait.py", line 95, in until
    raise TimeoutException(message, screen, stacktrace)
selenium.common.exceptions.TimeoutException: Message: 
Stacktrace:
NoSuchElementError: An element could not be located on the page using the given search parameters.
    at AndroidUiautomator2Driver.findElOrEls (/Applications/Appium Server GUI.app/Contents/Resources/app/node_modules/appium/node_modules/appium-android-driver/lib/commands/find.js:75:11)
    at runMicrotasks (<anonymous>)
    at processTicksAndRejections (internal/process/task_queues.js:97:5)
    at AndroidUiautomator2Driver.findElOrElsWithProcessing (/Applications/Appium Server GUI.app/Contents/Resources/app/node_modules/appium/node_modules/appium-base-driver/lib/basedriver/commands/find.js:33:12)
    at AndroidUiautomator2Driver.findElement (/Applications/Appium Server GUI.app/Contents/Resources/app/node_modules/appium/node_modules/appium-base-driver/lib/basedriver/commands/find.js:53:10)
</p>
                            </td>
                        </tr>
                        <tr>
                            <td colspan="3">
                                Total: 3, Pass: 0, Error: 3 -- Duration: 46.65 s
                            </td>
                        </tr>
                    </tbody>
                </table>
            </div>
        </div>
    </div>
    <script src="https://ajax.googleapis.com/ajax/libs/jquery/2.2.4/jquery.min.js"></script>
    <script type="text/javascript">
        $(document).ready(function(){
            $('td').on('click', '.btn', function(e){
                e.preventDefault();
                e.stopImmediatePropagation();
                var $this = $(this);
                var $nextRow = $this.closest('tr').next('tr');
                $nextRow.slideToggle("fast");
                $this.text(function(i, text){
                    if (text === 'View') {
                        return 'Hide';
                    } else {
                        return 'View';
                    };
                });
            });
        });
    </script>
</body>
</html