<!DOCTYPE html>
<html>
<head>
    <title>All Tests Results</title>
    <meta charset="utf-8">
    <meta name="viewport" content="width=device-width, initial-scale=1.0">
    <link rel="stylesheet" href="https://maxcdn.bootstrapcdn.com/bootstrap/3.3.6/css/bootstrap.min.css" integrity="sha384-1q8mTJOASx8j1Au+a5WDVnPi2lkFfwwEAa8hDDdjZlpLegxhjVME1fgjWPGmkzs7" crossorigin="anonymous">
</head>
<body>
    <div class="container">
        <div class="row">
            <div class="col-xs-12">
                <h2 class="text-capitalize">All Tests Results</h2>
                <p class='attribute'><strong>Start Time: </strong>2023-04-18 16:57:03</p>
                <p class='attribute'><strong>Duration: </strong>5.01 s</p>
                <p class='attribute'><strong>Summary: </strong>Total: 4, Pass: 0, Fail: 2, Error: 2</p>
            </div>
        </div>
        <div class="row">
            <div class="col-xs-12 col-sm-10 col-md-10">
                <table class='table table-hover table-responsive'>
                    <thead>
                        <tr>
                            <th>test.testcase.test_splash.TestSplash</th>
                            <th>Status</th>
                            <th></th>
                        </tr>
                    </thead>
                    <tbody>
                        <tr class='danger'>
                            <td class="col-xs-10">test_00_start_displayed</td>
                            <td class="col-xs-1">
                                <span class="label label-danger" style="display:block;width:40px;">Fail</span>
                            </td>
                            <td class="col-xs-1">
                                <button class="btn btn-default btn-xs">View</button>
                            </td>
                        </tr>
                        <tr style="display:none;">
                            <td class="col-xs-9" colspan="3"><p style="color:maroon;">AssertionError: 시작하기 버튼이 보이지 않습니다.</p><p style="color:maroon;">Traceback (most recent call last):
  File "/Users/jseom/PYTHON_Project/appium/src/test/testcase/test_splash.py", line 24, in test_00_start_displayed
    assert is_start_button_visible, "시작하기 버튼이 보이지 않습니다."
AssertionError: 시작하기 버튼이 보이지 않습니다.
</p>
                            </td>
                        </tr>
                        <tr class='warning'>
                            <td class="col-xs-10">test_01_start_button_click</td>
                            <td class="col-xs-1">
                                <span class="label label-warning" style="display:block;width:40px;">Error</span>
                            </td>
                            <td class="col-xs-1">
                                <button class="btn btn-default btn-xs">View</button>
                            </td>
                        </tr>
                        <tr style="display:none;">
                            <td class="col-xs-9" colspan="3"><p style="color:maroon;">AttributeError: 'NoneType' object has no attribute 'find_element'</p><p style="color:maroon;">Traceback (most recent call last):
  File "/Users/jseom/PYTHON_Project/appium/src/test/testcase/test_splash.py", line 27, in test_01_start_button_click
    self.page.click(self.page.btn_start)
  File "/Users/jseom/PYTHON_Project/appium/src/page/page_base.py", line 12, in click
    def click(self, by_locator):        WebDriverWait(self.driver, 10).until(EC.visibility_of_element_located(by_locator)).click()
  File "/Users/jseom/PYTHON_Project/appium/lib/python3.10/site-packages/selenium/webdriver/support/wait.py", line 86, in until
    value = method(self._driver)
  File "/Users/jseom/PYTHON_Project/appium/lib/python3.10/site-packages/selenium/webdriver/support/expected_conditions.py", line 139, in _predicate
    return _element_if_visible(driver.find_element(*locator))
AttributeError: 'NoneType' object has no attribute 'find_element'
</p>
                            </td>
                        </tr>
                        <tr class='danger'>
                            <td class="col-xs-10">test_02_login_displayed</td>
                            <td class="col-xs-1">
                                <span class="label label-danger" style="display:block;width:40px;">Fail</span>
                            </td>
                            <td class="col-xs-1">
                                <button class="btn btn-default btn-xs">View</button>
                            </td>
                        </tr>
                        <tr style="display:none;">
                            <td class="col-xs-9" colspan="3"><p style="color:maroon;">AssertionError: Login button not displayed after clicking Start button</p><p style="color:maroon;">Traceback (most recent call last):
  File "/Users/jseom/PYTHON_Project/appium/src/test/testcase/test_splash.py", line 31, in test_02_login_displayed
    assert is_login_displayed, "Login button not displayed after clicking Start button"
AssertionError: Login button not displayed after clicking Start button
</p>
                            </td>
                        </tr>
                        <tr class='warning'>
                            <td class="col-xs-10">test_03_login_button_click</td>
                            <td class="col-xs-1">
                                <span class="label label-warning" style="display:block;width:40px;">Error</span>
                            </td>
                            <td class="col-xs-1">
                                <button class="btn btn-default btn-xs">View</button>
                            </td>
                        </tr>
                        <tr style="display:none;">
                            <td class="col-xs-9" colspan="3"><p style="color:maroon;">AttributeError: 'NoneType' object has no attribute 'find_element'</p><p style="color:maroon;">Traceback (most recent call last):
  File "/Users/jseom/PYTHON_Project/appium/src/test/testcase/test_splash.py", line 35, in test_03_login_button_click
    self.page.click(PageSplash.btn_login)
  File "/Users/jseom/PYTHON_Project/appium/src/page/page_base.py", line 12, in click
    def click(self, by_locator):        WebDriverWait(self.driver, 10).until(EC.visibility_of_element_located(by_locator)).click()
  File "/Users/jseom/PYTHON_Project/appium/lib/python3.10/site-packages/selenium/webdriver/support/wait.py", line 86, in until
    value = method(self._driver)
  File "/Users/jseom/PYTHON_Project/appium/lib/python3.10/site-packages/selenium/webdriver/support/expected_conditions.py", line 139, in _predicate
    return _element_if_visible(driver.find_element(*locator))
AttributeError: 'NoneType' object has no attribute 'find_element'
</p>
                            </td>
                        </tr>
                        <tr>
                            <td colspan="3">
                                Total: 4, Pass: 0, Fail: 2, Error: 2 -- Duration: 5.01 s
                            </td>
                        </tr>
                    </tbody>
                </table>
            </div>
        </div>
    </div>
    <script src="https://ajax.googleapis.com/ajax/libs/jquery/2.2.4/jquery.min.js"></script>
    <script type="text/javascript">
        $(document).ready(function(){
            $('td').on('click', '.btn', function(e){
                e.preventDefault();
                e.stopImmediatePropagation();
                var $this = $(this);
                var $nextRow = $this.closest('tr').next('tr');
                $nextRow.slideToggle("fast");
                $this.text(function(i, text){
                    if (text === 'View') {
                        return 'Hide';
                    } else {
                        return 'View';
                    };
                });
            });
        });
    </script>
</body>
</html